<?xml version="1.0" encoding="UTF-8"?>
<!-- Generated by org.testng.reporters.JUnitXMLReporter -->
<testsuite ignored="0" hostname="ShruthiManjesh" failures="0" tests="5" name="chromeTest" time="198.287" errors="0" timestamp="2024-02-27T17:02:18 IST">
  <testcase classname="testcases.ScreenshotTest" name="screenShotWithDiffResolutionTest1" time="45.425"/>
  <testcase classname="testcases.ScreenshotTest" name="screenShotWithDiffResolutionTest2" time="34.126"/>
  <testcase classname="testcases.ScreenshotTest" name="screenShotWithDiffResolutionTest3" time="35.436"/>
  <testcase classname="testcases.ScreenshotTest" name="screenShotWithDiffResolutionTest4" time="34.696"/>
  <testcase classname="testcases.ScreenshotTest" name="screenShotWithDiffResolutionTest5" time="32.079"/>
</testsuite> <!-- chromeTest -->
