<?xml version="1.0" encoding="UTF-8"?>
<!-- Generated by org.testng.reporters.JUnitXMLReporter -->
<testsuite ignored="0" hostname="ShruthiManjesh" failures="0" tests="5" name="firefoxTest" time="140.371" errors="0" timestamp="2024-02-27T17:04:38 IST">
  <testcase classname="testcases.ScreenshotTest" name="screenShotWithDiffResolutionTest1" time="25.016"/>
  <testcase classname="testcases.ScreenshotTest" name="screenShotWithDiffResolutionTest2" time="26.585"/>
  <testcase classname="testcases.ScreenshotTest" name="screenShotWithDiffResolutionTest3" time="20.826"/>
  <testcase classname="testcases.ScreenshotTest" name="screenShotWithDiffResolutionTest4" time="20.813"/>
  <testcase classname="testcases.ScreenshotTest" name="screenShotWithDiffResolutionTest5" time="16.396"/>
</testsuite> <!-- firefoxTest -->
