<?xml version="1.0" encoding="UTF-8"?>
<testng-results ignored="0" total="10" passed="10" failed="0" skipped="0">
  <reporter-output>
  </reporter-output>
  <suite started-at="2024-02-27T16:58:59 IST" name="Suite" finished-at="2024-02-27T17:04:38 IST" duration-ms="338701">
    <groups>
    </groups>
    <test started-at="2024-02-27T16:58:59 IST" name="chromeTest" finished-at="2024-02-27T17:02:18 IST" duration-ms="198287">
      <class name="testcases.ScreenshotTest">
        <test-method is-config="true" signature="openBrowserAndSetUp(java.lang.String)[pri:0, instance:testcases.ScreenshotTest@19d481b]" started-at="2024-02-27T16:58:59 IST" name="openBrowserAndSetUp" finished-at="2024-02-27T16:59:04 IST" duration-ms="4369" status="PASS">
          <params>
            <param index="0">
              <value>
                <![CDATA[chrome]]>
              </value>
            </param>
          </params>
          <reporter-output>
          </reporter-output>
        </test-method> <!-- openBrowserAndSetUp -->
        <test-method signature="screenShotWithDiffResolutionTest1()[pri:0, instance:testcases.ScreenshotTest@19d481b]" started-at="2024-02-27T16:59:04 IST" name="screenShotWithDiffResolutionTest1" finished-at="2024-02-27T16:59:49 IST" duration-ms="45425" status="PASS">
          <reporter-output>
          </reporter-output>
        </test-method> <!-- screenShotWithDiffResolutionTest1 -->
        <test-method is-config="true" signature="tearDown()[pri:0, instance:testcases.ScreenshotTest@19d481b]" started-at="2024-02-27T16:59:49 IST" name="tearDown" finished-at="2024-02-27T16:59:49 IST" duration-ms="197" status="PASS">
          <reporter-output>
          </reporter-output>
        </test-method> <!-- tearDown -->
        <test-method is-config="true" signature="openBrowserAndSetUp(java.lang.String)[pri:0, instance:testcases.ScreenshotTest@19d481b]" started-at="2024-02-27T16:59:49 IST" name="openBrowserAndSetUp" finished-at="2024-02-27T16:59:52 IST" duration-ms="2917" status="PASS">
          <params>
            <param index="0">
              <value>
                <![CDATA[chrome]]>
              </value>
            </param>
          </params>
          <reporter-output>
          </reporter-output>
        </test-method> <!-- openBrowserAndSetUp -->
        <test-method signature="screenShotWithDiffResolutionTest2()[pri:0, instance:testcases.ScreenshotTest@19d481b]" started-at="2024-02-27T16:59:52 IST" name="screenShotWithDiffResolutionTest2" finished-at="2024-02-27T17:00:26 IST" duration-ms="34126" status="PASS">
          <reporter-output>
          </reporter-output>
        </test-method> <!-- screenShotWithDiffResolutionTest2 -->
        <test-method is-config="true" signature="tearDown()[pri:0, instance:testcases.ScreenshotTest@19d481b]" started-at="2024-02-27T17:00:26 IST" name="tearDown" finished-at="2024-02-27T17:00:27 IST" duration-ms="216" status="PASS">
          <reporter-output>
          </reporter-output>
        </test-method> <!-- tearDown -->
        <test-method is-config="true" signature="openBrowserAndSetUp(java.lang.String)[pri:0, instance:testcases.ScreenshotTest@19d481b]" started-at="2024-02-27T17:00:27 IST" name="openBrowserAndSetUp" finished-at="2024-02-27T17:00:29 IST" duration-ms="2929" status="PASS">
          <params>
            <param index="0">
              <value>
                <![CDATA[chrome]]>
              </value>
            </param>
          </params>
          <reporter-output>
          </reporter-output>
        </test-method> <!-- openBrowserAndSetUp -->
        <test-method signature="screenShotWithDiffResolutionTest3()[pri:0, instance:testcases.ScreenshotTest@19d481b]" started-at="2024-02-27T17:00:29 IST" name="screenShotWithDiffResolutionTest3" finished-at="2024-02-27T17:01:05 IST" duration-ms="35436" status="PASS">
          <reporter-output>
          </reporter-output>
        </test-method> <!-- screenShotWithDiffResolutionTest3 -->
        <test-method is-config="true" signature="tearDown()[pri:0, instance:testcases.ScreenshotTest@19d481b]" started-at="2024-02-27T17:01:05 IST" name="tearDown" finished-at="2024-02-27T17:01:05 IST" duration-ms="232" status="PASS">
          <reporter-output>
          </reporter-output>
        </test-method> <!-- tearDown -->
        <test-method is-config="true" signature="openBrowserAndSetUp(java.lang.String)[pri:0, instance:testcases.ScreenshotTest@19d481b]" started-at="2024-02-27T17:01:05 IST" name="openBrowserAndSetUp" finished-at="2024-02-27T17:01:08 IST" duration-ms="2600" status="PASS">
          <params>
            <param index="0">
              <value>
                <![CDATA[chrome]]>
              </value>
            </param>
          </params>
          <reporter-output>
          </reporter-output>
        </test-method> <!-- openBrowserAndSetUp -->
        <test-method signature="screenShotWithDiffResolutionTest4()[pri:0, instance:testcases.ScreenshotTest@19d481b]" started-at="2024-02-27T17:01:08 IST" name="screenShotWithDiffResolutionTest4" finished-at="2024-02-27T17:01:42 IST" duration-ms="34696" status="PASS">
          <reporter-output>
          </reporter-output>
        </test-method> <!-- screenShotWithDiffResolutionTest4 -->
        <test-method is-config="true" signature="tearDown()[pri:0, instance:testcases.ScreenshotTest@19d481b]" started-at="2024-02-27T17:01:42 IST" name="tearDown" finished-at="2024-02-27T17:01:43 IST" duration-ms="181" status="PASS">
          <reporter-output>
          </reporter-output>
        </test-method> <!-- tearDown -->
        <test-method is-config="true" signature="openBrowserAndSetUp(java.lang.String)[pri:0, instance:testcases.ScreenshotTest@19d481b]" started-at="2024-02-27T17:01:43 IST" name="openBrowserAndSetUp" finished-at="2024-02-27T17:01:45 IST" duration-ms="2624" status="PASS">
          <params>
            <param index="0">
              <value>
                <![CDATA[chrome]]>
              </value>
            </param>
          </params>
          <reporter-output>
          </reporter-output>
        </test-method> <!-- openBrowserAndSetUp -->
        <test-method signature="screenShotWithDiffResolutionTest5()[pri:0, instance:testcases.ScreenshotTest@19d481b]" started-at="2024-02-27T17:01:45 IST" name="screenShotWithDiffResolutionTest5" finished-at="2024-02-27T17:02:17 IST" duration-ms="32079" status="PASS">
          <reporter-output>
          </reporter-output>
        </test-method> <!-- screenShotWithDiffResolutionTest5 -->
        <test-method is-config="true" signature="tearDown()[pri:0, instance:testcases.ScreenshotTest@19d481b]" started-at="2024-02-27T17:02:17 IST" name="tearDown" finished-at="2024-02-27T17:02:18 IST" duration-ms="198" status="PASS">
          <reporter-output>
          </reporter-output>
        </test-method> <!-- tearDown -->
      </class> <!-- testcases.ScreenshotTest -->
    </test> <!-- chromeTest -->
    <test started-at="2024-02-27T17:02:18 IST" name="firefoxTest" finished-at="2024-02-27T17:04:38 IST" duration-ms="140371">
      <class name="testcases.ScreenshotTest">
        <test-method is-config="true" signature="openBrowserAndSetUp(java.lang.String)[pri:0, instance:testcases.ScreenshotTest@732c2a62]" started-at="2024-02-27T17:02:18 IST" name="openBrowserAndSetUp" finished-at="2024-02-27T17:02:23 IST" duration-ms="5291" status="PASS">
          <params>
            <param index="0">
              <value>
                <![CDATA[firefox]]>
              </value>
            </param>
          </params>
          <reporter-output>
          </reporter-output>
        </test-method> <!-- openBrowserAndSetUp -->
        <test-method signature="screenShotWithDiffResolutionTest1()[pri:0, instance:testcases.ScreenshotTest@732c2a62]" started-at="2024-02-27T17:02:23 IST" name="screenShotWithDiffResolutionTest1" finished-at="2024-02-27T17:02:48 IST" duration-ms="25016" status="PASS">
          <reporter-output>
          </reporter-output>
        </test-method> <!-- screenShotWithDiffResolutionTest1 -->
        <test-method is-config="true" signature="tearDown()[pri:0, instance:testcases.ScreenshotTest@732c2a62]" started-at="2024-02-27T17:02:48 IST" name="tearDown" finished-at="2024-02-27T17:02:49 IST" duration-ms="1020" status="PASS">
          <reporter-output>
          </reporter-output>
        </test-method> <!-- tearDown -->
        <test-method is-config="true" signature="openBrowserAndSetUp(java.lang.String)[pri:0, instance:testcases.ScreenshotTest@732c2a62]" started-at="2024-02-27T17:02:49 IST" name="openBrowserAndSetUp" finished-at="2024-02-27T17:02:54 IST" duration-ms="5096" status="PASS">
          <params>
            <param index="0">
              <value>
                <![CDATA[firefox]]>
              </value>
            </param>
          </params>
          <reporter-output>
          </reporter-output>
        </test-method> <!-- openBrowserAndSetUp -->
        <test-method signature="screenShotWithDiffResolutionTest2()[pri:0, instance:testcases.ScreenshotTest@732c2a62]" started-at="2024-02-27T17:02:54 IST" name="screenShotWithDiffResolutionTest2" finished-at="2024-02-27T17:03:21 IST" duration-ms="26585" status="PASS">
          <reporter-output>
          </reporter-output>
        </test-method> <!-- screenShotWithDiffResolutionTest2 -->
        <test-method is-config="true" signature="tearDown()[pri:0, instance:testcases.ScreenshotTest@732c2a62]" started-at="2024-02-27T17:03:21 IST" name="tearDown" finished-at="2024-02-27T17:03:22 IST" duration-ms="1316" status="PASS">
          <reporter-output>
          </reporter-output>
        </test-method> <!-- tearDown -->
        <test-method is-config="true" signature="openBrowserAndSetUp(java.lang.String)[pri:0, instance:testcases.ScreenshotTest@732c2a62]" started-at="2024-02-27T17:03:22 IST" name="openBrowserAndSetUp" finished-at="2024-02-27T17:03:27 IST" duration-ms="5188" status="PASS">
          <params>
            <param index="0">
              <value>
                <![CDATA[firefox]]>
              </value>
            </param>
          </params>
          <reporter-output>
          </reporter-output>
        </test-method> <!-- openBrowserAndSetUp -->
        <test-method signature="screenShotWithDiffResolutionTest3()[pri:0, instance:testcases.ScreenshotTest@732c2a62]" started-at="2024-02-27T17:03:27 IST" name="screenShotWithDiffResolutionTest3" finished-at="2024-02-27T17:03:48 IST" duration-ms="20826" status="PASS">
          <reporter-output>
          </reporter-output>
        </test-method> <!-- screenShotWithDiffResolutionTest3 -->
        <test-method is-config="true" signature="tearDown()[pri:0, instance:testcases.ScreenshotTest@732c2a62]" started-at="2024-02-27T17:03:48 IST" name="tearDown" finished-at="2024-02-27T17:03:49 IST" duration-ms="1119" status="PASS">
          <reporter-output>
          </reporter-output>
        </test-method> <!-- tearDown -->
        <test-method is-config="true" signature="openBrowserAndSetUp(java.lang.String)[pri:0, instance:testcases.ScreenshotTest@732c2a62]" started-at="2024-02-27T17:03:49 IST" name="openBrowserAndSetUp" finished-at="2024-02-27T17:03:54 IST" duration-ms="4832" status="PASS">
          <params>
            <param index="0">
              <value>
                <![CDATA[firefox]]>
              </value>
            </param>
          </params>
          <reporter-output>
          </reporter-output>
        </test-method> <!-- openBrowserAndSetUp -->
        <test-method signature="screenShotWithDiffResolutionTest4()[pri:0, instance:testcases.ScreenshotTest@732c2a62]" started-at="2024-02-27T17:03:54 IST" name="screenShotWithDiffResolutionTest4" finished-at="2024-02-27T17:04:15 IST" duration-ms="20813" status="PASS">
          <reporter-output>
          </reporter-output>
        </test-method> <!-- screenShotWithDiffResolutionTest4 -->
        <test-method is-config="true" signature="tearDown()[pri:0, instance:testcases.ScreenshotTest@732c2a62]" started-at="2024-02-27T17:04:15 IST" name="tearDown" finished-at="2024-02-27T17:04:16 IST" duration-ms="1014" status="PASS">
          <reporter-output>
          </reporter-output>
        </test-method> <!-- tearDown -->
        <test-method is-config="true" signature="openBrowserAndSetUp(java.lang.String)[pri:0, instance:testcases.ScreenshotTest@732c2a62]" started-at="2024-02-27T17:04:16 IST" name="openBrowserAndSetUp" finished-at="2024-02-27T17:04:21 IST" duration-ms="4826" status="PASS">
          <params>
            <param index="0">
              <value>
                <![CDATA[firefox]]>
              </value>
            </param>
          </params>
          <reporter-output>
          </reporter-output>
        </test-method> <!-- openBrowserAndSetUp -->
        <test-method signature="screenShotWithDiffResolutionTest5()[pri:0, instance:testcases.ScreenshotTest@732c2a62]" started-at="2024-02-27T17:04:21 IST" name="screenShotWithDiffResolutionTest5" finished-at="2024-02-27T17:04:37 IST" duration-ms="16396" status="PASS">
          <reporter-output>
          </reporter-output>
        </test-method> <!-- screenShotWithDiffResolutionTest5 -->
        <test-method is-config="true" signature="tearDown()[pri:0, instance:testcases.ScreenshotTest@732c2a62]" started-at="2024-02-27T17:04:37 IST" name="tearDown" finished-at="2024-02-27T17:04:38 IST" duration-ms="1019" status="PASS">
          <reporter-output>
          </reporter-output>
        </test-method> <!-- tearDown -->
      </class> <!-- testcases.ScreenshotTest -->
    </test> <!-- firefoxTest -->
  </suite> <!-- Suite -->
</testng-results>
